TN:
SF:app.js
FN:14,(anonymous_0)
FN:18,(anonymous_1)
FNF:2
FNH:2
FNDA:1,(anonymous_0)
FNDA:1,(anonymous_1)
DA:1,1
DA:2,1
DA:4,1
DA:5,1
DA:7,1
DA:9,1
DA:10,1
DA:11,1
DA:12,1
DA:14,1
DA:15,1
DA:18,1
DA:20,1
LF:13
LH:13
BRDA:7,0,0,1
BRDA:7,0,1,1
BRF:2
BRH:2
end_of_record
TN:
SF:config/db.config.js
FNF:0
FNH:0
DA:2,1
DA:5,1
DA:13,1
LF:3
LH:3
BRDA:6,0,0,1
BRDA:6,0,1,1
BRDA:7,1,0,1
BRDA:7,1,1,1
BRF:4
BRH:4
end_of_record
TN:
SF:routes/developers.js
FN:5,isBodyValid
FN:22,(anonymous_1)
FN:26,(anonymous_2)
FN:33,(anonymous_3)
FN:56,(anonymous_4)
FN:79,(anonymous_5)
FNF:6
FNH:5
FNDA:6,isBodyValid
FNDA:1,(anonymous_1)
FNDA:0,(anonymous_2)
FNDA:4,(anonymous_3)
FNDA:2,(anonymous_4)
FNDA:1,(anonymous_5)
DA:1,1
DA:2,1
DA:3,1
DA:6,6
DA:22,1
DA:23,1
DA:26,1
DA:27,0
DA:28,0
DA:30,0
DA:33,1
DA:34,4
DA:35,4
DA:37,4
DA:38,1
DA:39,1
DA:42,1
DA:45,3
DA:46,1
DA:47,1
DA:50,1
DA:53,2
DA:56,1
DA:57,2
DA:58,2
DA:60,2
DA:61,1
DA:62,1
DA:65,1
DA:68,1
DA:69,1
DA:70,1
DA:73,1
DA:76,0
DA:79,1
DA:80,1
DA:81,1
DA:83,1
DA:86,1
LF:39
LH:35
BRDA:7,0,0,6
BRDA:7,0,1,6
BRDA:7,0,2,6
BRDA:7,0,3,6
BRDA:7,0,4,6
BRDA:7,0,5,6
BRDA:7,0,6,6
BRDA:7,0,7,6
BRDA:7,0,8,4
BRDA:7,0,9,4
BRDA:7,0,10,4
BRDA:7,0,11,4
BRDA:37,1,0,1
BRDA:37,1,1,3
BRDA:45,2,0,1
BRDA:45,2,1,2
BRDA:45,3,0,3
BRDA:45,3,1,3
BRDA:60,4,0,1
BRDA:60,4,1,1
BRDA:68,5,0,1
BRDA:68,5,1,0
BRDA:68,6,0,1
BRDA:68,6,1,1
BRF:24
BRH:23
end_of_record
TN:
SF:test/routesTest.js
FN:11,(anonymous_0)
FN:76,(anonymous_1)
FN:77,(anonymous_2)
FN:81,(anonymous_3)
FN:88,(anonymous_4)
FN:92,(anonymous_5)
FN:98,(anonymous_6)
FN:99,fakeGetAllDevelopers
FN:108,(anonymous_8)
FN:133,(anonymous_9)
FN:134,(anonymous_10)
FN:140,(anonymous_11)
FN:147,(anonymous_12)
FN:153,(anonymous_13)
FN:160,(anonymous_14)
FN:161,fakeCreateDeveloper
FN:172,(anonymous_16)
FN:183,(anonymous_17)
FN:184,(anonymous_18)
FN:190,(anonymous_19)
FN:197,(anonymous_20)
FN:203,(anonymous_21)
FN:210,(anonymous_22)
FN:211,fakeUpdateDeveloper
FN:222,(anonymous_24)
FN:233,(anonymous_25)
FN:234,(anonymous_26)
FN:235,fakeDeleteDeveloper
FN:244,(anonymous_28)
FNF:29
FNH:28
FNDA:1,(anonymous_0)
FNDA:1,(anonymous_1)
FNDA:1,(anonymous_2)
FNDA:1,(anonymous_3)
FNDA:1,(anonymous_4)
FNDA:1,(anonymous_5)
FNDA:1,(anonymous_6)
FNDA:1,fakeGetAllDevelopers
FNDA:1,(anonymous_8)
FNDA:1,(anonymous_9)
FNDA:1,(anonymous_10)
FNDA:1,(anonymous_11)
FNDA:1,(anonymous_12)
FNDA:1,(anonymous_13)
FNDA:1,(anonymous_14)
FNDA:2,fakeCreateDeveloper
FNDA:1,(anonymous_16)
FNDA:1,(anonymous_17)
FNDA:1,(anonymous_18)
FNDA:1,(anonymous_19)
FNDA:1,(anonymous_20)
FNDA:1,(anonymous_21)
FNDA:1,(anonymous_22)
FNDA:0,fakeUpdateDeveloper
FNDA:1,(anonymous_24)
FNDA:1,(anonymous_25)
FNDA:1,(anonymous_26)
FNDA:1,fakeDeleteDeveloper
FNDA:1,(anonymous_28)
DA:1,1
DA:2,1
DA:3,1
DA:4,1
DA:5,1
DA:8,1
DA:9,1
DA:11,1
DA:12,1
DA:22,1
DA:29,1
DA:39,1
DA:50,1
DA:61,1
DA:76,1
DA:77,1
DA:78,1
DA:82,1
DA:83,1
DA:84,1
DA:88,1
DA:89,1
DA:93,1
DA:94,1
DA:98,1
DA:100,1
DA:103,1
DA:105,1
DA:109,1
DA:110,1
DA:111,1
DA:112,1
DA:113,1
DA:114,1
DA:115,1
DA:116,1
DA:117,1
DA:118,1
DA:119,1
DA:120,1
DA:121,1
DA:122,1
DA:123,1
DA:124,1
DA:125,1
DA:133,1
DA:134,1
DA:135,1
DA:141,1
DA:142,1
DA:143,1
DA:147,1
DA:148,1
DA:154,1
DA:155,1
DA:156,1
DA:160,1
DA:162,2
DA:165,1
DA:167,1
DA:173,1
DA:174,1
DA:175,1
DA:183,1
DA:184,1
DA:185,1
DA:191,1
DA:192,1
DA:193,1
DA:197,1
DA:198,1
DA:204,1
DA:205,1
DA:206,1
DA:210,1
DA:212,0
DA:215,1
DA:217,1
DA:223,1
DA:224,1
DA:225,1
DA:233,1
DA:234,1
DA:236,1
DA:239,1
DA:241,1
DA:245,1
DA:246,1
DA:247,1
LF:89
LH:88
BRF:0
BRH:0
end_of_record
